<?xml version="1.0" encoding="UTF-8"?>
<!-- Generated by org.testng.reporters.JUnitReportReporter -->
<testsuite hostname="DESKTOP-OJ0606G" failures="0" tests="1" name="com.simplilearn.test1" time="41.153" errors="0" timestamp="2022-10-12T10:07:38 IST" skipped="0">
  <testcase classname="com.simplilearn.test1" name="flipkart" time="41.153"/>
  <system-out/>
</testsuite> <!-- com.simplilearn.test1 -->
