<?xml version="1.0" encoding="UTF-8"?>
<!-- Generated by org.testng.reporters.JUnitReportReporter -->
<testsuite hostname="DESKTOP-OJ0606G" failures="0" tests="1" name="Login" time="11.706" errors="0" timestamp="2022-10-03T18:56:38 IST" skipped="0">
  <testcase classname="Login" name="loginhere" time="11.706"/>
</testsuite> <!-- Login -->
