<?xml version="1.0" encoding="UTF-8"?>
<!-- Generated by org.testng.reporters.JUnitReportReporter -->
<testsuite hostname="DESKTOP-OJ0606G" failures="0" tests="1" name="Form" time="9.700" errors="0" timestamp="2022-10-03T18:56:09 IST" skipped="0">
  <testcase classname="Form" name="login" time="9.700"/>
</testsuite> <!-- Form -->
